mode: set
github.com/aiym182/booking/cmd/web/main.go:21.13,25.16 2 0
github.com/aiym182/booking/cmd/web/main.go:29.2,38.16 4 0
github.com/aiym182/booking/cmd/web/main.go:25.16,27.3 1 0
github.com/aiym182/booking/cmd/web/main.go:38.16,40.3 1 0
github.com/aiym182/booking/cmd/web/main.go:43.18,57.16 10 1
github.com/aiym182/booking/cmd/web/main.go:62.2,70.12 6 1
github.com/aiym182/booking/cmd/web/main.go:57.16,60.3 2 0
github.com/aiym182/booking/cmd/web/middleware.go:10.53,12.72 1 1
github.com/aiym182/booking/cmd/web/middleware.go:12.72,15.3 2 0
github.com/aiym182/booking/cmd/web/middleware.go:19.45,32.2 3 1
github.com/aiym182/booking/cmd/web/middleware.go:35.50,37.2 1 1
github.com/aiym182/booking/cmd/web/routes.go:12.46,36.2 18 1
