mode: set
github.com/aiym182/booking/internal/forms/errors.go:6.44,8.2 1 1
github.com/aiym182/booking/internal/forms/errors.go:11.42,13.18 2 0
github.com/aiym182/booking/internal/forms/errors.go:16.2,16.14 1 0
github.com/aiym182/booking/internal/forms/errors.go:13.18,15.3 1 0
github.com/aiym182/booking/internal/forms/forms.go:21.33,28.2 1 1
github.com/aiym182/booking/internal/forms/forms.go:31.56,35.2 2 1
github.com/aiym182/booking/internal/forms/forms.go:38.29,40.2 1 1
github.com/aiym182/booking/internal/forms/forms.go:43.43,45.31 1 1
github.com/aiym182/booking/internal/forms/forms.go:45.31,48.37 2 1
github.com/aiym182/booking/internal/forms/forms.go:48.37,50.4 1 1
github.com/aiym182/booking/internal/forms/forms.go:55.54,58.21 2 1
github.com/aiym182/booking/internal/forms/forms.go:62.2,62.13 1 0
github.com/aiym182/booking/internal/forms/forms.go:58.21,61.3 2 1
github.com/aiym182/booking/internal/forms/forms.go:65.44,69.16 3 1
github.com/aiym182/booking/internal/forms/forms.go:69.16,71.3 1 1
