mode: set
github.com/aiym182/booking/internal/handlers/handlers.go:32.59,37.2 1 0
github.com/aiym182/booking/internal/handlers/handlers.go:40.48,45.2 1 1
github.com/aiym182/booking/internal/handlers/handlers.go:48.33,50.2 1 1
github.com/aiym182/booking/internal/handlers/handlers.go:52.68,58.2 3 1
github.com/aiym182/booking/internal/handlers/handlers.go:59.69,73.2 6 1
github.com/aiym182/booking/internal/handlers/handlers.go:76.75,80.9 2 1
github.com/aiym182/booking/internal/handlers/handlers.go:86.2,87.16 2 1
github.com/aiym182/booking/internal/handlers/handlers.go:92.2,111.4 10 1
github.com/aiym182/booking/internal/handlers/handlers.go:80.9,84.3 3 1
github.com/aiym182/booking/internal/handlers/handlers.go:87.16,91.3 3 1
github.com/aiym182/booking/internal/handlers/handlers.go:115.79,119.9 2 1
github.com/aiym182/booking/internal/handlers/handlers.go:125.2,126.16 2 1
github.com/aiym182/booking/internal/handlers/handlers.go:132.2,144.19 10 1
github.com/aiym182/booking/internal/handlers/handlers.go:156.2,157.16 2 1
github.com/aiym182/booking/internal/handlers/handlers.go:163.2,175.16 4 1
github.com/aiym182/booking/internal/handlers/handlers.go:182.2,214.67 8 1
github.com/aiym182/booking/internal/handlers/handlers.go:119.9,123.3 3 1
github.com/aiym182/booking/internal/handlers/handlers.go:126.16,130.3 3 1
github.com/aiym182/booking/internal/handlers/handlers.go:144.19,154.3 5 1
github.com/aiym182/booking/internal/handlers/handlers.go:157.16,162.3 3 1
github.com/aiym182/booking/internal/handlers/handlers.go:175.16,180.3 3 1
github.com/aiym182/booking/internal/handlers/handlers.go:219.72,221.2 1 1
github.com/aiym182/booking/internal/handlers/handlers.go:224.70,226.2 1 1
github.com/aiym182/booking/internal/handlers/handlers.go:229.76,231.2 1 1
github.com/aiym182/booking/internal/handlers/handlers.go:234.80,238.16 2 1
github.com/aiym182/booking/internal/handlers/handlers.go:243.2,247.16 5 1
github.com/aiym182/booking/internal/handlers/handlers.go:253.2,255.16 2 1
github.com/aiym182/booking/internal/handlers/handlers.go:261.2,262.16 2 1
github.com/aiym182/booking/internal/handlers/handlers.go:268.2,268.21 1 1
github.com/aiym182/booking/internal/handlers/handlers.go:273.2,285.4 5 1
github.com/aiym182/booking/internal/handlers/handlers.go:238.16,242.3 3 1
github.com/aiym182/booking/internal/handlers/handlers.go:247.16,251.3 3 1
github.com/aiym182/booking/internal/handlers/handlers.go:255.16,259.3 3 1
github.com/aiym182/booking/internal/handlers/handlers.go:262.16,266.3 3 1
github.com/aiym182/booking/internal/handlers/handlers.go:268.21,272.3 3 1
github.com/aiym182/booking/internal/handlers/handlers.go:298.80,302.16 2 1
github.com/aiym182/booking/internal/handlers/handlers.go:315.2,327.16 8 1
github.com/aiym182/booking/internal/handlers/handlers.go:340.2,351.15 4 1
github.com/aiym182/booking/internal/handlers/handlers.go:302.16,313.3 5 1
github.com/aiym182/booking/internal/handlers/handlers.go:327.16,338.3 5 1
github.com/aiym182/booking/internal/handlers/handlers.go:355.71,357.2 1 1
github.com/aiym182/booking/internal/handlers/handlers.go:360.82,364.9 2 1
github.com/aiym182/booking/internal/handlers/handlers.go:370.2,384.4 9 1
github.com/aiym182/booking/internal/handlers/handlers.go:364.9,368.3 3 1
github.com/aiym182/booking/internal/handlers/handlers.go:389.74,396.16 3 1
github.com/aiym182/booking/internal/handlers/handlers.go:401.2,402.9 2 1
github.com/aiym182/booking/internal/handlers/handlers.go:408.2,411.64 3 1
github.com/aiym182/booking/internal/handlers/handlers.go:396.16,400.3 3 1
github.com/aiym182/booking/internal/handlers/handlers.go:402.9,406.3 3 1
github.com/aiym182/booking/internal/handlers/handlers.go:416.72,428.16 8 1
github.com/aiym182/booking/internal/handlers/handlers.go:434.2,443.64 7 1
github.com/aiym182/booking/internal/handlers/handlers.go:428.16,432.3 3 1
